running build_ext
building 'utils.cython_bbox' extension
creating build
creating build/temp.linux-x86_64-3.7
creating build/temp.linux-x86_64-3.7/utils
gcc -pthread -B /usr/licensed/anaconda3/5.3.0/compiler_compat -Wl,--sysroot=/ -Wsign-compare -DNDEBUG -g -fwrapv -O3 -Wall -Wstrict-prototypes -fPIC -I/usr/licensed/anaconda3/5.3.0/lib/python3.7/site-packages/numpy/core/include -I/usr/licensed/anaconda3/5.3.0/include/python3.7m -c utils/cython_bbox.c -o build/temp.linux-x86_64-3.7/utils/cython_bbox.o -Wno-cpp
creating build/lib.linux-x86_64-3.7
creating build/lib.linux-x86_64-3.7/utils
gcc -pthread -shared -B /usr/licensed/anaconda3/5.3.0/compiler_compat -L/usr/licensed/anaconda3/5.3.0/lib -Wl,-rpath=/usr/licensed/anaconda3/5.3.0/lib -Wl,--no-as-needed -Wl,--sysroot=/ build/temp.linux-x86_64-3.7/utils/cython_bbox.o -o build/lib.linux-x86_64-3.7/utils/cython_bbox.cpython-37m-x86_64-linux-gnu.so
building 'utils.cython_nms' extension
gcc -pthread -B /usr/licensed/anaconda3/5.3.0/compiler_compat -Wl,--sysroot=/ -Wsign-compare -DNDEBUG -g -fwrapv -O3 -Wall -Wstrict-prototypes -fPIC -I/usr/licensed/anaconda3/5.3.0/lib/python3.7/site-packages/numpy/core/include -I/usr/licensed/anaconda3/5.3.0/include/python3.7m -c utils/cython_nms.c -o build/temp.linux-x86_64-3.7/utils/cython_nms.o -Wno-cpp
utils/cython_nms.c: In function ‘__pyx_pf_5utils_10cython_nms_2soft_nms’:
utils/cython_nms.c:3374:34: warning: comparison between signed and unsigned integer expressions [-Wsign-compare]
       __pyx_t_11 = ((__pyx_v_pos < __pyx_v_N) != 0);
                                  ^
utils/cython_nms.c:3885:34: warning: comparison between signed and unsigned integer expressions [-Wsign-compare]
       __pyx_t_11 = ((__pyx_v_pos < __pyx_v_N) != 0);
                                  ^
gcc -pthread -shared -B /usr/licensed/anaconda3/5.3.0/compiler_compat -L/usr/licensed/anaconda3/5.3.0/lib -Wl,-rpath=/usr/licensed/anaconda3/5.3.0/lib -Wl,--no-as-needed -Wl,--sysroot=/ build/temp.linux-x86_64-3.7/utils/cython_nms.o -o build/lib.linux-x86_64-3.7/utils/cython_nms.cpython-37m-x86_64-linux-gnu.so
copying build/lib.linux-x86_64-3.7/utils/cython_bbox.cpython-37m-x86_64-linux-gnu.so -> utils
copying build/lib.linux-x86_64-3.7/utils/cython_nms.cpython-37m-x86_64-linux-gnu.so -> utils
Compiling nms kernels by nvcc...
Including CUDA code.
/home/fhertan/mask-rcnn-videos/lib/model/nms
['/home/fhertan/mask-rcnn-videos/lib/model/nms/src/nms_cuda_kernel.cu.o']
generating /tmp/tmpkilqficl/_nms.c
setting the current directory to '/tmp/tmpkilqficl'
running build_ext
building '_nms' extension
creating home
creating home/fhertan
creating home/fhertan/mask-rcnn-videos
creating home/fhertan/mask-rcnn-videos/lib
creating home/fhertan/mask-rcnn-videos/lib/model
creating home/fhertan/mask-rcnn-videos/lib/model/nms
creating home/fhertan/mask-rcnn-videos/lib/model/nms/src
gcc -pthread -B /usr/licensed/anaconda3/5.3.0/compiler_compat -Wl,--sysroot=/ -Wsign-compare -DNDEBUG -g -fwrapv -O3 -Wall -Wstrict-prototypes -fPIC -DWITH_CUDA -I/home/fhertan/.local/lib/python3.7/site-packages/torch/utils/ffi/../../lib/include -I/home/fhertan/.local/lib/python3.7/site-packages/torch/utils/ffi/../../lib/include/TH -I/home/fhertan/.local/lib/python3.7/site-packages/torch/utils/ffi/../../lib/include/THC -I/usr/local/cuda/include -I/usr/licensed/anaconda3/5.3.0/include/python3.7m -c _nms.c -o ./_nms.o -std=c99
gcc -pthread -B /usr/licensed/anaconda3/5.3.0/compiler_compat -Wl,--sysroot=/ -Wsign-compare -DNDEBUG -g -fwrapv -O3 -Wall -Wstrict-prototypes -fPIC -DWITH_CUDA -I/home/fhertan/.local/lib/python3.7/site-packages/torch/utils/ffi/../../lib/include -I/home/fhertan/.local/lib/python3.7/site-packages/torch/utils/ffi/../../lib/include/TH -I/home/fhertan/.local/lib/python3.7/site-packages/torch/utils/ffi/../../lib/include/THC -I/usr/local/cuda/include -I/usr/licensed/anaconda3/5.3.0/include/python3.7m -c /home/fhertan/mask-rcnn-videos/lib/model/nms/src/nms_cuda.c -o ./home/fhertan/mask-rcnn-videos/lib/model/nms/src/nms_cuda.o -std=c99
gcc -pthread -shared -B /usr/licensed/anaconda3/5.3.0/compiler_compat -L/usr/licensed/anaconda3/5.3.0/lib -Wl,-rpath=/usr/licensed/anaconda3/5.3.0/lib -Wl,--no-as-needed -Wl,--sysroot=/ ./_nms.o ./home/fhertan/mask-rcnn-videos/lib/model/nms/src/nms_cuda.o /home/fhertan/mask-rcnn-videos/lib/model/nms/src/nms_cuda_kernel.cu.o -o ./_nms.so
Compiling roi pooling kernels by nvcc...
Including CUDA code.
/home/fhertan/mask-rcnn-videos/lib/model/roi_pooling
generating /tmp/tmpg5aw7rpq/_roi_pooling.c
setting the current directory to '/tmp/tmpg5aw7rpq'
running build_ext
building '_roi_pooling' extension
creating home
creating home/fhertan
creating home/fhertan/mask-rcnn-videos
creating home/fhertan/mask-rcnn-videos/lib
creating home/fhertan/mask-rcnn-videos/lib/model
creating home/fhertan/mask-rcnn-videos/lib/model/roi_pooling
creating home/fhertan/mask-rcnn-videos/lib/model/roi_pooling/src
gcc -pthread -B /usr/licensed/anaconda3/5.3.0/compiler_compat -Wl,--sysroot=/ -Wsign-compare -DNDEBUG -g -fwrapv -O3 -Wall -Wstrict-prototypes -fPIC -DWITH_CUDA -I/home/fhertan/.local/lib/python3.7/site-packages/torch/utils/ffi/../../lib/include -I/home/fhertan/.local/lib/python3.7/site-packages/torch/utils/ffi/../../lib/include/TH -I/home/fhertan/.local/lib/python3.7/site-packages/torch/utils/ffi/../../lib/include/THC -I/usr/local/cuda/include -I/usr/licensed/anaconda3/5.3.0/include/python3.7m -c _roi_pooling.c -o ./_roi_pooling.o -std=c99
gcc -pthread -B /usr/licensed/anaconda3/5.3.0/compiler_compat -Wl,--sysroot=/ -Wsign-compare -DNDEBUG -g -fwrapv -O3 -Wall -Wstrict-prototypes -fPIC -DWITH_CUDA -I/home/fhertan/.local/lib/python3.7/site-packages/torch/utils/ffi/../../lib/include -I/home/fhertan/.local/lib/python3.7/site-packages/torch/utils/ffi/../../lib/include/TH -I/home/fhertan/.local/lib/python3.7/site-packages/torch/utils/ffi/../../lib/include/THC -I/usr/local/cuda/include -I/usr/licensed/anaconda3/5.3.0/include/python3.7m -c /home/fhertan/mask-rcnn-videos/lib/model/roi_pooling/src/roi_pooling.c -o ./home/fhertan/mask-rcnn-videos/lib/model/roi_pooling/src/roi_pooling.o -std=c99
gcc -pthread -B /usr/licensed/anaconda3/5.3.0/compiler_compat -Wl,--sysroot=/ -Wsign-compare -DNDEBUG -g -fwrapv -O3 -Wall -Wstrict-prototypes -fPIC -DWITH_CUDA -I/home/fhertan/.local/lib/python3.7/site-packages/torch/utils/ffi/../../lib/include -I/home/fhertan/.local/lib/python3.7/site-packages/torch/utils/ffi/../../lib/include/TH -I/home/fhertan/.local/lib/python3.7/site-packages/torch/utils/ffi/../../lib/include/THC -I/usr/local/cuda/include -I/usr/licensed/anaconda3/5.3.0/include/python3.7m -c /home/fhertan/mask-rcnn-videos/lib/model/roi_pooling/src/roi_pooling_cuda.c -o ./home/fhertan/mask-rcnn-videos/lib/model/roi_pooling/src/roi_pooling_cuda.o -std=c99
gcc -pthread -shared -B /usr/licensed/anaconda3/5.3.0/compiler_compat -L/usr/licensed/anaconda3/5.3.0/lib -Wl,-rpath=/usr/licensed/anaconda3/5.3.0/lib -Wl,--no-as-needed -Wl,--sysroot=/ ./_roi_pooling.o ./home/fhertan/mask-rcnn-videos/lib/model/roi_pooling/src/roi_pooling.o ./home/fhertan/mask-rcnn-videos/lib/model/roi_pooling/src/roi_pooling_cuda.o /home/fhertan/mask-rcnn-videos/lib/model/roi_pooling/src/roi_pooling.cu.o -o ./_roi_pooling.so
Compiling roi crop kernels by nvcc...
Including CUDA code.
/home/fhertan/mask-rcnn-videos/lib/model/roi_crop
generating /tmp/tmph61bptnf/_roi_crop.c
setting the current directory to '/tmp/tmph61bptnf'
running build_ext
building '_roi_crop' extension
creating home
creating home/fhertan
creating home/fhertan/mask-rcnn-videos
creating home/fhertan/mask-rcnn-videos/lib
creating home/fhertan/mask-rcnn-videos/lib/model
creating home/fhertan/mask-rcnn-videos/lib/model/roi_crop
creating home/fhertan/mask-rcnn-videos/lib/model/roi_crop/src
gcc -pthread -B /usr/licensed/anaconda3/5.3.0/compiler_compat -Wl,--sysroot=/ -Wsign-compare -DNDEBUG -g -fwrapv -O3 -Wall -Wstrict-prototypes -fPIC -DWITH_CUDA -I/home/fhertan/.local/lib/python3.7/site-packages/torch/utils/ffi/../../lib/include -I/home/fhertan/.local/lib/python3.7/site-packages/torch/utils/ffi/../../lib/include/TH -I/home/fhertan/.local/lib/python3.7/site-packages/torch/utils/ffi/../../lib/include/THC -I/usr/local/cuda/include -I/usr/licensed/anaconda3/5.3.0/include/python3.7m -c _roi_crop.c -o ./_roi_crop.o -std=c99
gcc -pthread -B /usr/licensed/anaconda3/5.3.0/compiler_compat -Wl,--sysroot=/ -Wsign-compare -DNDEBUG -g -fwrapv -O3 -Wall -Wstrict-prototypes -fPIC -DWITH_CUDA -I/home/fhertan/.local/lib/python3.7/site-packages/torch/utils/ffi/../../lib/include -I/home/fhertan/.local/lib/python3.7/site-packages/torch/utils/ffi/../../lib/include/TH -I/home/fhertan/.local/lib/python3.7/site-packages/torch/utils/ffi/../../lib/include/THC -I/usr/local/cuda/include -I/usr/licensed/anaconda3/5.3.0/include/python3.7m -c /home/fhertan/mask-rcnn-videos/lib/model/roi_crop/src/roi_crop.c -o ./home/fhertan/mask-rcnn-videos/lib/model/roi_crop/src/roi_crop.o -std=c99
/home/fhertan/mask-rcnn-videos/lib/model/roi_crop/src/roi_crop.c: In function ‘BilinearSamplerBHWD_updateGradInput’:
/home/fhertan/mask-rcnn-videos/lib/model/roi_crop/src/roi_crop.c:190:14: warning: unused variable ‘inBottomRight’ [-Wunused-variable]
         real inBottomRight=0;
              ^
/home/fhertan/mask-rcnn-videos/lib/model/roi_crop/src/roi_crop.c:189:14: warning: unused variable ‘inBottomLeft’ [-Wunused-variable]
         real inBottomLeft=0;
              ^
/home/fhertan/mask-rcnn-videos/lib/model/roi_crop/src/roi_crop.c:188:14: warning: unused variable ‘inTopRight’ [-Wunused-variable]
         real inTopRight=0;
              ^
/home/fhertan/mask-rcnn-videos/lib/model/roi_crop/src/roi_crop.c:187:14: warning: unused variable ‘inTopLeft’ [-Wunused-variable]
         real inTopLeft=0;
              ^
/home/fhertan/mask-rcnn-videos/lib/model/roi_crop/src/roi_crop.c:186:14: warning: unused variable ‘v’ [-Wunused-variable]
         real v=0;
              ^
/home/fhertan/mask-rcnn-videos/lib/model/roi_crop/src/roi_crop.c: In function ‘BilinearSamplerBCHW_updateGradInput’:
/home/fhertan/mask-rcnn-videos/lib/model/roi_crop/src/roi_crop.c:440:14: warning: unused variable ‘inBottomRight’ [-Wunused-variable]
         real inBottomRight=0;
              ^
/home/fhertan/mask-rcnn-videos/lib/model/roi_crop/src/roi_crop.c:439:14: warning: unused variable ‘inBottomLeft’ [-Wunused-variable]
         real inBottomLeft=0;
              ^
/home/fhertan/mask-rcnn-videos/lib/model/roi_crop/src/roi_crop.c:438:14: warning: unused variable ‘inTopRight’ [-Wunused-variable]
         real inTopRight=0;
              ^
/home/fhertan/mask-rcnn-videos/lib/model/roi_crop/src/roi_crop.c:437:14: warning: unused variable ‘inTopLeft’ [-Wunused-variable]
         real inTopLeft=0;
              ^
/home/fhertan/mask-rcnn-videos/lib/model/roi_crop/src/roi_crop.c:436:14: warning: unused variable ‘v’ [-Wunused-variable]
         real v=0;
              ^
gcc -pthread -B /usr/licensed/anaconda3/5.3.0/compiler_compat -Wl,--sysroot=/ -Wsign-compare -DNDEBUG -g -fwrapv -O3 -Wall -Wstrict-prototypes -fPIC -DWITH_CUDA -I/home/fhertan/.local/lib/python3.7/site-packages/torch/utils/ffi/../../lib/include -I/home/fhertan/.local/lib/python3.7/site-packages/torch/utils/ffi/../../lib/include/TH -I/home/fhertan/.local/lib/python3.7/site-packages/torch/utils/ffi/../../lib/include/THC -I/usr/local/cuda/include -I/usr/licensed/anaconda3/5.3.0/include/python3.7m -c /home/fhertan/mask-rcnn-videos/lib/model/roi_crop/src/roi_crop_cuda.c -o ./home/fhertan/mask-rcnn-videos/lib/model/roi_crop/src/roi_crop_cuda.o -std=c99
gcc -pthread -shared -B /usr/licensed/anaconda3/5.3.0/compiler_compat -L/usr/licensed/anaconda3/5.3.0/lib -Wl,-rpath=/usr/licensed/anaconda3/5.3.0/lib -Wl,--no-as-needed -Wl,--sysroot=/ ./_roi_crop.o ./home/fhertan/mask-rcnn-videos/lib/model/roi_crop/src/roi_crop.o ./home/fhertan/mask-rcnn-videos/lib/model/roi_crop/src/roi_crop_cuda.o /home/fhertan/mask-rcnn-videos/lib/model/roi_crop/src/roi_crop_cuda_kernel.cu.o -o ./_roi_crop.so
Compiling roi align kernels by nvcc...
Including CUDA code.
/home/fhertan/mask-rcnn-videos/lib/modeling/roi_xfrom/roi_align
generating /tmp/tmp23w7upwd/_roi_align.c
setting the current directory to '/tmp/tmp23w7upwd'
running build_ext
building '_roi_align' extension
creating home
creating home/fhertan
creating home/fhertan/mask-rcnn-videos
creating home/fhertan/mask-rcnn-videos/lib
creating home/fhertan/mask-rcnn-videos/lib/modeling
creating home/fhertan/mask-rcnn-videos/lib/modeling/roi_xfrom
creating home/fhertan/mask-rcnn-videos/lib/modeling/roi_xfrom/roi_align
creating home/fhertan/mask-rcnn-videos/lib/modeling/roi_xfrom/roi_align/src
gcc -pthread -B /usr/licensed/anaconda3/5.3.0/compiler_compat -Wl,--sysroot=/ -Wsign-compare -DNDEBUG -g -fwrapv -O3 -Wall -Wstrict-prototypes -fPIC -DWITH_CUDA -I/home/fhertan/.local/lib/python3.7/site-packages/torch/utils/ffi/../../lib/include -I/home/fhertan/.local/lib/python3.7/site-packages/torch/utils/ffi/../../lib/include/TH -I/home/fhertan/.local/lib/python3.7/site-packages/torch/utils/ffi/../../lib/include/THC -I/usr/local/cuda/include -I/usr/licensed/anaconda3/5.3.0/include/python3.7m -c _roi_align.c -o ./_roi_align.o -std=c99
gcc -pthread -B /usr/licensed/anaconda3/5.3.0/compiler_compat -Wl,--sysroot=/ -Wsign-compare -DNDEBUG -g -fwrapv -O3 -Wall -Wstrict-prototypes -fPIC -DWITH_CUDA -I/home/fhertan/.local/lib/python3.7/site-packages/torch/utils/ffi/../../lib/include -I/home/fhertan/.local/lib/python3.7/site-packages/torch/utils/ffi/../../lib/include/TH -I/home/fhertan/.local/lib/python3.7/site-packages/torch/utils/ffi/../../lib/include/THC -I/usr/local/cuda/include -I/usr/licensed/anaconda3/5.3.0/include/python3.7m -c /home/fhertan/mask-rcnn-videos/lib/modeling/roi_xfrom/roi_align/src/roi_align_cuda.c -o ./home/fhertan/mask-rcnn-videos/lib/modeling/roi_xfrom/roi_align/src/roi_align_cuda.o -std=c99
gcc -pthread -shared -B /usr/licensed/anaconda3/5.3.0/compiler_compat -L/usr/licensed/anaconda3/5.3.0/lib -Wl,-rpath=/usr/licensed/anaconda3/5.3.0/lib -Wl,--no-as-needed -Wl,--sysroot=/ ./_roi_align.o ./home/fhertan/mask-rcnn-videos/lib/modeling/roi_xfrom/roi_align/src/roi_align_cuda.o /home/fhertan/mask-rcnn-videos/lib/modeling/roi_xfrom/roi_align/src/roi_align_kernel.cu.o -o ./_roi_align.so
Called with args:
Namespace(batch_size=4, cfg_file='configs/baselines/e2e_mask_rcnn_R-50-C4_1x.yaml', cuda=True, dataset='coco2017', disp_interval=20, iter_size=1, load_ckpt=None, load_detectron=None, lr=None, lr_decay_gamma=None, no_save=False, num_workers=4, optimizer=None, resume=False, set_cfgs=[], start_step=0, use_tfboard=True)
effective_batch_size = batch_size * iter_size = 4 * 1
Adaptive config changes:
    effective_batch_size: 8 --> 4
    NUM_GPUS:             8 --> 4
    IMS_PER_BATCH:        1 --> 1
Adjust BASE_LR linearly according to batch_size change:
    BASE_LR: 0.01 --> 0.005
Adjust SOLVER.STEPS and SOLVER.MAX_ITER linearly based on effective_batch_size change:
    SOLVER.STEPS: [0, 120000, 160000] --> [0, 240000, 320000]
    SOLVER.MAX_ITER: 180000 --> 360000
Number of data loading threads: 4
loading annotations into memory...
Done (t=14.73s)
creating index...
index created!
INFO json_dataset.py: 298: Loading cached gt_roidb from /home/fhertan/mask-rcnn-videos/data/cache/coco_2017_train_gt_roidb.pkl
INFO roidb.py:  50: Appending horizontally-flipped training examples...
INFO roidb.py:  52: Loaded dataset: coco_2017_train
INFO roidb.py: 143: Filtered 2042 roidb entries: 236574 -> 234532
INFO roidb.py:  69: Computing image aspect ratios and ordering the ratios...
INFO roidb.py:  71: done
INFO roidb.py:  75: Computing bounding-box regression targets...
INFO roidb.py:  77: done
INFO train_net_step.py: 233: 234532 roidb entries
INFO train_net_step.py: 234: Takes 201.01 sec(s) to construct roidb
INFO train_net_step.py: 378: Training starts !
INFO net.py:  72: Changing learning rate 0.000000 -> 0.001667
[Dec02-23-30-38_adroit-h11g1_step][e2e_mask_rcnn_R-50-C4_1x.yaml][Step 1 / 360000]
		loss: 6.092546, lr: 0.001667 time: 14.153163, eta: 58 days, 23:18:58
		accuracy_cls: 0.017090
		loss_cls: 4.229318, loss_bbox: 0.034454, loss_mask: 1.041967
		loss_rpn_cls: 0.702979, loss_rpn_bbox: 0.083827
INFO train_net_step.py: 442: Save ckpt on exception ...
INFO train_net_step.py: 135: save model: /scratch/network/fhertan/Outputs/e2e_mask_rcnn_R-50-C4_1x/Dec02-23-30-38_adroit-h11g1_step/ckpt/model_step1.pth
INFO train_net_step.py: 444: Save ckpt done.
/home/fhertan/.local/lib/python3.7/site-packages/torch/nn/functional.py:1006: UserWarning: nn.functional.sigmoid is deprecated. Use torch.sigmoid instead.
  warnings.warn("nn.functional.sigmoid is deprecated. Use torch.sigmoid instead.")
/home/fhertan/.local/lib/python3.7/site-packages/torch/nn/functional.py:52: UserWarning: size_average and reduce args will be deprecated, please use reduction='sum' instead.
  warnings.warn(warning.format(ret))
Exception ignored in: <function _DataLoaderIter.__del__ at 0x2ba161a5cbf8>
Traceback (most recent call last):
  File "/home/fhertan/.local/lib/python3.7/site-packages/torch/utils/data/dataloader.py", line 399, in __del__
    self._shutdown_workers()
  File "/home/fhertan/.local/lib/python3.7/site-packages/torch/utils/data/dataloader.py", line 378, in _shutdown_workers
    self.worker_result_queue.get()
  File "/usr/licensed/anaconda3/5.3.0/lib/python3.7/multiprocessing/queues.py", line 354, in get
    return _ForkingPickler.loads(res)
  File "/home/fhertan/.local/lib/python3.7/site-packages/torch/multiprocessing/reductions.py", line 151, in rebuild_storage_fd
    fd = df.detach()
  File "/usr/licensed/anaconda3/5.3.0/lib/python3.7/multiprocessing/resource_sharer.py", line 57, in detach
    with _resource_sharer.get_connection(self._id) as conn:
  File "/usr/licensed/anaconda3/5.3.0/lib/python3.7/multiprocessing/resource_sharer.py", line 87, in get_connection
    c = Client(address, authkey=process.current_process().authkey)
  File "/usr/licensed/anaconda3/5.3.0/lib/python3.7/multiprocessing/connection.py", line 499, in Client
    deliver_challenge(c, authkey)
  File "/usr/licensed/anaconda3/5.3.0/lib/python3.7/multiprocessing/connection.py", line 729, in deliver_challenge
    response = connection.recv_bytes(256)        # reject large message
  File "/usr/licensed/anaconda3/5.3.0/lib/python3.7/multiprocessing/connection.py", line 216, in recv_bytes
    buf = self._recv_bytes(maxlength)
  File "/usr/licensed/anaconda3/5.3.0/lib/python3.7/multiprocessing/connection.py", line 407, in _recv_bytes
    buf = self._recv(4)
  File "/usr/licensed/anaconda3/5.3.0/lib/python3.7/multiprocessing/connection.py", line 379, in _recv
    chunk = read(handle, remaining)
ConnectionResetError: [Errno 104] Connection reset by peer
Traceback (most recent call last):
  File "tools/train_net_step.py", line 427, in main
    loss.backward()
  File "/home/fhertan/.local/lib/python3.7/site-packages/torch/tensor.py", line 93, in backward
    torch.autograd.backward(self, gradient, retain_graph, create_graph)
  File "/home/fhertan/.local/lib/python3.7/site-packages/torch/autograd/__init__.py", line 90, in backward
    allow_unreachable=True)  # allow_unreachable flag
RuntimeError: CUDA error: out of memory

/var/spool/slurmd/job606977/slurm_script: line 18: $'\177': command not found
